This software has been released under the MIT license:

  Copyright (c) 2012 Vadim Kiryukhin
  
  THE SOFTWARE IS PROVIDED "AS IS", WITHOUT WARRANTY OF ANY KIND, EXPRESS OR
  IMPLIED, INCLUDING BUT NOT LIMITED TO THE WARRANTIES OF MERCHANTABILITY,
  FITNESS FOR A PARTICULAR PURPOSE AND NONINFRINGEMENT. IN NO EVENT SHALL THE
  AUTHORS OR COPYRIGHT HOLDERS BE LIABLE FOR ANY CLAIM, DAMAGES OR OTHER
  LIABILITY, WHETHER IN AN ACTION OF CONTRACT, TORT OR OTHERWISE, ARISING FROM,
  OUT OF OR IN CONNECTION WITH THE SOFTWARE OR THE USE OR OTHER DEALINGS IN
  THE SOFTWARE.
  
	Version 0.98.beta
		New feature: xmlns attribute is included in parser pattern.
		Improvement: json pretty-print function uses native JSON object if available
  
  	Version 0.97.beta
		New feature: optional custom indent pattern.
  
	Version 0.96.beta
		New functionality: pretty-print and minify SQL.
		
    Version: 0.95.beta
        New functionality: minifying XML, JSON and CSS.
		New API stile: object style access "vkbeautify.xml(text)" instead of function style "vkbeautify(text,'xml');"
		PreserveWS parameter is eliminated.
		
	Version 0.93.beta	
		New functionality: pretty print for CSS.
	
	Version 0.9
		Initial release
		Pretty print XML and JSON text.